SF:lib/data_entity/round_result/winning_result.dart
DA:13,4
DA:14,4
DA:15,4
DA:16,0
DA:17,4
DA:18,4
DA:20,2
DA:22,2
LF:8
LH:7
end_of_record
SF:lib/data_entity/transfer_request.dart
DA:8,4
DA:10,2
DA:11,8
LF:3
LH:3
end_of_record
SF:lib/data_entity/round_result/draw_result.dart
DA:6,4
DA:8,2
LF:2
LH:2
end_of_record
SF:lib/data_entity/round_result/draw_in_progress_result.dart
DA:6,0
DA:8,2
LF:2
LH:1
end_of_record
SF:lib/constant/enum_win_type.dart
DA:1,3
LF:1
LH:1
end_of_record
SF:lib/modal/point_transfer_calculator/four_player_point_transfer_calculator.dart
DA:9,1
DA:11,1
DA:12,1
DA:13,1
DA:14,1
DA:16,1
DA:19,1
DA:20,1
DA:25,5
DA:27,1
DA:28,3
DA:29,1
DA:30,1
DA:31,3
DA:32,1
DA:33,3
DA:34,1
DA:35,3
DA:37,3
DA:38,1
DA:39,1
DA:40,3
DA:41,1
DA:42,3
DA:44,3
DA:45,1
DA:46,1
DA:47,3
DA:48,1
DA:49,3
DA:50,1
DA:51,3
DA:57,1
DA:59,1
DA:60,3
DA:61,2
DA:62,1
DA:63,4
DA:64,1
DA:65,2
DA:66,1
DA:67,1
DA:68,4
DA:69,1
DA:70,4
DA:71,1
DA:72,4
DA:75,1
DA:76,3
DA:77,4
DA:78,3
DA:79,4
DA:80,3
DA:81,4
DA:85,2
DA:86,1
DA:87,3
DA:88,2
DA:91,1
DA:92,3
DA:93,2
LF:61
LH:61
end_of_record
SF:lib/modal/point_transfer_calculator/point_transfer_calculator.dart
DA:9,3
DA:10,12
DA:11,3
DA:13,1
DA:15,1
DA:17,1
DA:19,3
DA:25,3
DA:26,9
LF:9
LH:9
end_of_record
SF:lib/constant/enum_match_length.dart
DA:1,3
LF:1
LH:1
end_of_record
SF:lib/constant/enum_match_player_count.dart
DA:1,3
LF:1
LH:1
end_of_record
SF:lib/constant/enum_round_result_type.dart
DA:1,3
LF:1
LH:1
end_of_record
SF:lib/constant/enum_wind.dart
DA:1,3
LF:1
LH:1
end_of_record
SF:lib/data_entity/match_setting.dart
DA:11,0
DA:13,0
DA:14,0
LF:3
LH:0
end_of_record
SF:lib/modal/match_finish_checker.dart
DA:9,0
DA:11,0
DA:12,0
DA:13,0
DA:16,0
DA:17,0
DA:20,0
DA:21,0
DA:22,0
DA:24,0
DA:25,0
DA:26,0
DA:27,0
DA:28,0
DA:30,0
DA:31,0
DA:32,0
DA:38,0
DA:39,0
LF:19
LH:0
end_of_record
SF:lib/modal/round.dart
DA:16,0
DA:17,0
DA:18,0
DA:19,0
DA:20,0
DA:22,0
DA:24,0
DA:25,0
DA:26,0
DA:27,0
DA:28,0
DA:29,0
DA:30,0
DA:32,0
DA:35,0
DA:36,0
LF:16
LH:0
end_of_record
SF:lib/modal/player.dart
DA:9,0
DA:10,0
DA:11,0
DA:13,0
DA:15,0
DA:16,0
DA:17,0
DA:20,0
DA:21,0
DA:24,0
DA:25,0
DA:28,0
DA:29,0
LF:13
LH:0
end_of_record
SF:lib/modal/point_transfer_calculator/three_player_point_transfer_calculator.dart
DA:9,1
DA:11,1
DA:12,1
DA:13,1
DA:14,1
DA:16,1
DA:19,1
DA:20,1
DA:21,4
DA:22,1
DA:24,1
DA:25,3
DA:26,1
DA:27,1
DA:28,3
DA:29,1
DA:30,3
DA:32,3
DA:33,1
DA:34,1
DA:35,3
DA:36,1
DA:37,3
DA:43,1
DA:45,1
DA:46,3
DA:47,2
DA:48,1
DA:49,4
DA:50,1
DA:51,2
DA:52,1
DA:53,1
DA:54,4
DA:55,1
DA:56,4
DA:59,1
DA:60,3
DA:61,4
DA:62,3
DA:63,4
DA:67,2
DA:68,1
DA:69,3
DA:70,2
DA:73,1
DA:74,3
DA:75,2
LF:48
LH:48
end_of_record
